<?xml version="1.0" encoding="UTF-8"?>
<!-- Generated by org.testng.reporters.JUnitXMLReporter -->
<testsuite ignored="1" hostname="Brians-Air" failures="0" tests="35" name="Test" time="80.029" errors="0" timestamp="2021-12-01T12:10:36 SGT">
  <testcase classname="testing.Admin_Module_Test" name="addDoctor" time="2.671"/>
  <testcase classname="testing.Admin_Module_Test" name="addDoctor" time="5.2"/>
  <testcase classname="testing.Admin_Module_Test" name="addDoctor" time="4.369"/>
  <testcase classname="testing.Admin_Module_Test" name="addDoctor" time="4.099"/>
  <testcase classname="testing.Admin_Module_Test" name="addDoctor" time="3.651"/>
  <testcase classname="testing.Admin_Module_Test" name="addDoctor" time="4.05"/>
  <testcase classname="testing.Admin_Module_Test" name="addDoctor" time="3.561"/>
  <testcase classname="testing.Admin_Module_Test" name="addDoctor" time="3.98"/>
  <testcase classname="testing.Admin_Module_Test" name="addDoctor" time="4.024"/>
  <testcase classname="testing.Admin_Module_Test" name="approveDoc" time="1.872"/>
  <testcase classname="testing.Admin_Module_Test" name="approveDoc" time="1.366"/>
  <testcase classname="testing.Admin_Module_Test" name="addCenter" time="0.803"/>
  <testcase classname="testing.Admin_Module_Test" name="addCenter" time="0.731"/>
  <testcase classname="testing.Admin_Module_Test" name="addCenter" time="0.748"/>
  <testcase classname="testing.Admin_Module_Test" name="addCenter" time="1.601"/>
  <testcase classname="testing.Admin_Module_Test" name="editCenter" time="1.205"/>
  <testcase classname="testing.Admin_Module_Test" name="editCenter" time="1.109"/>
  <testcase classname="testing.Admin_Module_Test" name="editCenter" time="1.675"/>
  <testcase classname="testing.Admin_Module_Test" name="editCenter" time="1.696"/>
  <testcase classname="testing.Admin_Module_Test" name="addRoom" time="0.55"/>
  <testcase classname="testing.Admin_Module_Test" name="addRoom" time="1.16"/>
  <testcase classname="testing.Admin_Module_Test" name="addRoom" time="1.144"/>
  <testcase classname="testing.Admin_Module_Test" name="editRoom" time="1.584"/>
  <testcase classname="testing.Admin_Module_Test" name="editRoom" time="1.293"/>
  <testcase classname="testing.Admin_Module_Test" name="adminAsignDocTest" time="3.283"/>
  <testcase classname="testing.Admin_Module_Test" name="adminAsignDocTest" time="2.743"/>
  <testcase classname="testing.Admin_Module_Test" name="adminAsignDocTest" time="3.756"/>
  <testcase classname="testing.Admin_Module_Test" name="adminAssignRoomTest" time="2.753"/>
  <testcase classname="testing.Admin_Module_Test" name="adminAssignRoomTest" time="2.77"/>
  <testcase classname="testing.Admin_Module_Test" name="adminAssignRoomTest" time="2.812"/>
  <testcase classname="testing.Admin_Module_Test" name="deleteDoctor" time="1.795"/>
  <testcase classname="testing.Admin_Module_Test" name="deleteDoctor" time="1.798"/>
  <testcase classname="testing.Admin_Module_Test" name="deleteRoom" time="1.407"/>
  <testcase classname="testing.Admin_Module_Test" name="deleteRoom" time="1.421"/>
  <testcase classname="testing.Admin_Module_Test" name="deleteCenter" time="1.134"/>
  <testcase classname="testing.Admin_Module_Test" name="loginTest" time="0.0">
    <ignored/>
  </testcase> <!-- loginTest -->
</testsuite> <!-- Test -->
