<?xml version="1.0" encoding="UTF-8"?>
<!-- Generated by org.testng.reporters.JUnitXMLReporter -->
<testsuite ignored="0" hostname="Brians-Air" failures="0" tests="25" name="Test" time="60.215" errors="0" timestamp="2021-12-01T12:11:40 SGT">
  <testcase classname="testing.Doctor_Module_Test" name="registerTest" time="6.18"/>
  <testcase classname="testing.Doctor_Module_Test" name="registerTest" time="4.995"/>
  <testcase classname="testing.Doctor_Module_Test" name="registerTest" time="2.957"/>
  <testcase classname="testing.Doctor_Module_Test" name="registerTest" time="2.916"/>
  <testcase classname="testing.Doctor_Module_Test" name="registerTest" time="2.883"/>
  <testcase classname="testing.Doctor_Module_Test" name="registerTest" time="2.99"/>
  <testcase classname="testing.Doctor_Module_Test" name="registerTest" time="2.875"/>
  <testcase classname="testing.Doctor_Module_Test" name="registerTest" time="3.395"/>
  <testcase classname="testing.Doctor_Module_Test" name="registerTest" time="3.007"/>
  <testcase classname="testing.Doctor_Module_Test" name="loginTest" time="0.356"/>
  <testcase classname="testing.Doctor_Module_Test" name="loginTest" time="0.54"/>
  <testcase classname="testing.Doctor_Module_Test" name="loginTest" time="1.133"/>
  <testcase classname="testing.Doctor_Module_Test" name="loginTest" time="1.09"/>
  <testcase classname="testing.Doctor_Module_Test" name="editProfileTest" time="1.192"/>
  <testcase classname="testing.Doctor_Module_Test" name="editProfileTest" time="1.481"/>
  <testcase classname="testing.Doctor_Module_Test" name="editProfileTest" time="2.062"/>
  <testcase classname="testing.Doctor_Module_Test" name="editProfileTest" time="1.482"/>
  <testcase classname="testing.Doctor_Module_Test" name="editProfileTest" time="1.558"/>
  <testcase classname="testing.Doctor_Module_Test" name="editProfileTest" time="1.976"/>
  <testcase classname="testing.Doctor_Module_Test" name="docAssignOwnRosterTestOne" time="1.344"/>
  <testcase classname="testing.Doctor_Module_Test" name="approveDoc" time="7.18"/>
  <testcase classname="testing.Doctor_Module_Test" name="docAssignOwnRosterTestTwo" time="1.945"/>
  <testcase classname="testing.Doctor_Module_Test" name="docAssignOwnRosterTestTwo" time="1.972"/>
  <testcase classname="testing.Doctor_Module_Test" name="docAssignOwnRosterTestTwo" time="2.137"/>
  <testcase classname="testing.Doctor_Module_Test" name="deleteDoctor" time="0.455"/>
</testsuite> <!-- Test -->
