<?xml version="1.0" encoding="UTF-8"?>
<!-- Generated by org.testng.reporters.JUnitXMLReporter -->
<testsuite ignored="0" hostname="Brians-Air" failures="0" tests="25" name="Default test" time="63.071" errors="0" timestamp="2021-12-01T12:02:32 SGT">
  <testcase classname="testing.Doctor_Module_Test" name="registerTest" time="6.451"/>
  <testcase classname="testing.Doctor_Module_Test" name="registerTest" time="5.407"/>
  <testcase classname="testing.Doctor_Module_Test" name="registerTest" time="3.063"/>
  <testcase classname="testing.Doctor_Module_Test" name="registerTest" time="3.263"/>
  <testcase classname="testing.Doctor_Module_Test" name="registerTest" time="3.117"/>
  <testcase classname="testing.Doctor_Module_Test" name="registerTest" time="3.056"/>
  <testcase classname="testing.Doctor_Module_Test" name="registerTest" time="2.966"/>
  <testcase classname="testing.Doctor_Module_Test" name="registerTest" time="3.673"/>
  <testcase classname="testing.Doctor_Module_Test" name="registerTest" time="2.829"/>
  <testcase classname="testing.Doctor_Module_Test" name="loginTest" time="0.384"/>
  <testcase classname="testing.Doctor_Module_Test" name="loginTest" time="0.563"/>
  <testcase classname="testing.Doctor_Module_Test" name="loginTest" time="1.176"/>
  <testcase classname="testing.Doctor_Module_Test" name="loginTest" time="1.148"/>
  <testcase classname="testing.Doctor_Module_Test" name="editProfileTest" time="1.153"/>
  <testcase classname="testing.Doctor_Module_Test" name="editProfileTest" time="1.492"/>
  <testcase classname="testing.Doctor_Module_Test" name="editProfileTest" time="1.598"/>
  <testcase classname="testing.Doctor_Module_Test" name="editProfileTest" time="2.118"/>
  <testcase classname="testing.Doctor_Module_Test" name="editProfileTest" time="1.687"/>
  <testcase classname="testing.Doctor_Module_Test" name="editProfileTest" time="2.128"/>
  <testcase classname="testing.Doctor_Module_Test" name="docAssignOwnRosterTestOne" time="0.774"/>
  <testcase classname="testing.Doctor_Module_Test" name="approveDoc" time="6.679"/>
  <testcase classname="testing.Doctor_Module_Test" name="docAssignOwnRosterTestTwo" time="2.518"/>
  <testcase classname="testing.Doctor_Module_Test" name="docAssignOwnRosterTestTwo" time="2.263"/>
  <testcase classname="testing.Doctor_Module_Test" name="docAssignOwnRosterTestTwo" time="2.521"/>
  <testcase classname="testing.Doctor_Module_Test" name="deleteDoctor" time="0.902"/>
</testsuite> <!-- Default test -->
