<?xml version="1.0" encoding="UTF-8"?>
<!-- Generated by org.testng.reporters.JUnitXMLReporter -->
<testsuite ignored="1" hostname="Brians-Air" failures="0" tests="8" name="GRP-addDocTest" time="43.439" errors="0" timestamp="2021-11-30T16:16:04 SGT">
  <testcase classname="testing.Testing_TestNG" name="addDoctor" time="2.623"/>
  <testcase classname="testing.Testing_TestNG" name="addDoctor" time="4.885"/>
  <testcase classname="testing.Testing_TestNG" name="addDoctor" time="3.588"/>
  <testcase classname="testing.Testing_TestNG" name="addDoctor" time="3.578"/>
  <testcase classname="testing.Testing_TestNG" name="addDoctor" time="4.231"/>
  <testcase classname="testing.Testing_TestNG" name="addDoctor" time="3.528"/>
  <testcase classname="testing.Testing_TestNG" name="addDoctor" time="3.561"/>
  <testcase classname="testing.Testing_TestNG" name="addDoctor" time="3.945"/>
  <testcase classname="testing.Testing_TestNG" name="loginTest" time="0.0">
    <ignored/>
  </testcase> <!-- loginTest -->
</testsuite> <!-- GRP-addDocTest -->
